<?xml version="1.0" encoding="UTF-8"?>
<robot generator="Robot 3.2.1 (Python 3.8.3 on win32)" generated="20200625 15:50:12.692" rpa="false">
<suite id="s1" name="LoginClash" source="C:\ClashOfClans\tests\LoginClash.robot">
<test id="s1-t1" name="Cenário 01: Acessar Página Clash Royale API">
<kw name="Abre o navegador" library="Resources" type="setup">
<kw name="Open Browser" library="SeleniumLibrary">
<doc>Opens a new browser instance to the optional ``url``.</doc>
<arguments>
<arg>about:blank</arg>
<arg>${BROWSER}</arg>
</arguments>
<msg timestamp="20200625 15:50:13.504" level="INFO">Opening browser 'chrome' to base url 'about:blank'.</msg>
<status status="PASS" starttime="20200625 15:50:13.503" endtime="20200625 15:50:17.838"></status>
</kw>
<kw name="Maximize Browser Window" library="SeleniumLibrary">
<doc>Maximizes current browser window.</doc>
<status status="PASS" starttime="20200625 15:50:17.838" endtime="20200625 15:50:19.968"></status>
</kw>
<status status="PASS" starttime="20200625 15:50:13.503" endtime="20200625 15:50:19.969"></status>
</kw>
<kw name="Dado que estou na página do site" library="Resources">
<kw name="Go To" library="SeleniumLibrary">
<doc>Navigates the current browser window to the provided ``url``.</doc>
<arguments>
<arg>${URL}</arg>
</arguments>
<msg timestamp="20200625 15:50:19.972" level="INFO">Opening url 'https://developer.clashroyale.com/'</msg>
<status status="PASS" starttime="20200625 15:50:19.971" endtime="20200625 15:50:22.156"></status>
</kw>
<kw name="Title Should Be" library="SeleniumLibrary">
<doc>Verifies that the current page title equals ``title``.</doc>
<arguments>
<arg>Clash Royale API</arg>
</arguments>
<msg timestamp="20200625 15:50:22.181" level="INFO">Page title is 'Clash Royale API'.</msg>
<status status="PASS" starttime="20200625 15:50:22.157" endtime="20200625 15:50:22.182"></status>
</kw>
<status status="PASS" starttime="20200625 15:50:19.970" endtime="20200625 15:50:22.182"></status>
</kw>
<kw name="Quando clico em Login" library="Resources">
<kw name="Wait Until Element Is Visible" library="SeleniumLibrary">
<doc>Waits until the element ``locator`` is visible.</doc>
<arguments>
<arg>xpath=//div[@class="login-menu"]/a[contains(text(),"Log In")]</arg>
</arguments>
<status status="PASS" starttime="20200625 15:50:22.201" endtime="20200625 15:50:22.618"></status>
</kw>
<kw name="Click Element" library="SeleniumLibrary">
<doc>Click the element identified by ``locator``.</doc>
<arguments>
<arg>xpath=//div[@class="login-menu"]/a[contains(text(),"Log In")]</arg>
</arguments>
<msg timestamp="20200625 15:50:22.619" level="INFO">Clicking element 'xpath=//div[@class="login-menu"]/a[contains(text(),"Log In")]'.</msg>
<status status="PASS" starttime="20200625 15:50:22.619" endtime="20200625 15:50:22.779"></status>
</kw>
<status status="PASS" starttime="20200625 15:50:22.200" endtime="20200625 15:50:22.780"></status>
</kw>
<kw name="E informo &quot;Email&quot; e &quot;Senha&quot;" library="Resources">
<kw name="Input Text" library="SeleniumLibrary">
<doc>Types the given ``text`` into the text field identified by ``locator``.</doc>
<arguments>
<arg>xpath=//*[@id="email"]</arg>
<arg>${EMAIL}</arg>
</arguments>
<msg timestamp="20200625 15:50:22.786" level="INFO">Typing text 'luizjunior.tec@gmail.com' into text field 'xpath=//*[@id="email"]'.</msg>
<status status="PASS" starttime="20200625 15:50:22.785" endtime="20200625 15:50:23.160"></status>
</kw>
<kw name="Input Text" library="SeleniumLibrary">
<doc>Types the given ``text`` into the text field identified by ``locator``.</doc>
<arguments>
<arg>xpath=//*[@id="password"]</arg>
<arg>${SENHA}</arg>
</arguments>
<msg timestamp="20200625 15:50:23.162" level="INFO">Typing text 'cap1993@' into text field 'xpath=//*[@id="password"]'.</msg>
<status status="PASS" starttime="20200625 15:50:23.161" endtime="20200625 15:50:23.341"></status>
</kw>
<status status="PASS" starttime="20200625 15:50:22.785" endtime="20200625 15:50:23.341"></status>
</kw>
<kw name="E clico em &quot;Log In&quot;" library="Resources">
<kw name="Click Element" library="SeleniumLibrary">
<doc>Click the element identified by ``locator``.</doc>
<arguments>
<arg>xpath=//button[@type="submit"]</arg>
</arguments>
<msg timestamp="20200625 15:50:23.343" level="INFO">Clicking element 'xpath=//button[@type="submit"]'.</msg>
<status status="PASS" starttime="20200625 15:50:23.342" endtime="20200625 15:50:23.452"></status>
</kw>
<status status="PASS" starttime="20200625 15:50:23.342" endtime="20200625 15:50:23.452"></status>
</kw>
<kw name="Quando que clico no Submenu com o nome de usuário" library="Resources">
<kw name="Click Element" library="SeleniumLibrary">
<doc>Click the element identified by ``locator``.</doc>
<arguments>
<arg>xpath=//button[@type="button"]</arg>
</arguments>
<msg timestamp="20200625 15:50:23.454" level="INFO">Clicking element 'xpath=//button[@type="button"]'.</msg>
<kw name="Capture Page Screenshot" library="SeleniumLibrary">
<doc>Takes a screenshot of the current page and embeds it into a log file.</doc>
<msg timestamp="20200625 15:50:24.372" level="INFO" html="yes">&lt;/td&gt;&lt;/tr&gt;&lt;tr&gt;&lt;td colspan="3"&gt;&lt;a href="selenium-screenshot-8.png"&gt;&lt;img src="selenium-screenshot-8.png" width="800px"&gt;&lt;/a&gt;</msg>
<status status="PASS" starttime="20200625 15:50:23.528" endtime="20200625 15:50:24.372"></status>
</kw>
<msg timestamp="20200625 15:50:24.385" level="FAIL">Element with locator 'xpath=//button[@type="button"]' not found.</msg>
<status status="FAIL" starttime="20200625 15:50:23.453" endtime="20200625 15:50:24.385"></status>
</kw>
<status status="FAIL" starttime="20200625 15:50:23.453" endtime="20200625 15:50:24.385"></status>
</kw>
<status status="FAIL" starttime="20200625 15:50:13.502" endtime="20200625 15:50:24.386" critical="yes">Element with locator 'xpath=//button[@type="button"]' not found.</status>
</test>
<status status="FAIL" starttime="20200625 15:50:12.699" endtime="20200625 15:50:24.389"></status>
</suite>
<statistics>
<total>
<stat pass="0" fail="1">Critical Tests</stat>
<stat pass="0" fail="1">All Tests</stat>
</total>
<tag>
</tag>
<suite>
<stat pass="0" fail="1" id="s1" name="LoginClash">LoginClash</stat>
</suite>
</statistics>
<errors>
</errors>
</robot>
